This is pdfTeX, Version 3.14159265-2.6-1.40.19 (TeX Live 2019/dev/Debian) (preloaded format=pdflatex 2020.9.7)  5 MAR 2022 00:01
entering extended mode
 restricted \write18 enabled.
 %&-line parsing enabled.
**rapport.tex
(./rapport.tex
LaTeX2e <2018-12-01>
(/usr/share/texlive/texmf-dist/tex/latex/base/book.cls
Document Class: book 2018/09/03 v1.4i Standard LaTeX document class
(/usr/share/texlive/texmf-dist/tex/latex/base/bk10.clo
File: bk10.clo 2018/09/03 v1.4i Standard LaTeX file (size option)
)
\c@part=\count80
\c@chapter=\count81
\c@section=\count82
\c@subsection=\count83
\c@subsubsection=\count84
\c@paragraph=\count85
\c@subparagraph=\count86
\c@figure=\count87
\c@table=\count88
\abovecaptionskip=\skip41
\belowcaptionskip=\skip42
\bibindent=\dimen102
)
(/usr/share/texlive/texmf-dist/tex/latex/preprint/fullpage.sty
Package: fullpage 1999/02/23 1.1 (PWD)
\FP@margin=\skip43
)
(/usr/share/texlive/texmf-dist/tex/latex/base/inputenc.sty
Package: inputenc 2018/08/11 v1.3c Input encoding file
\inpenc@prehook=\toks14
\inpenc@posthook=\toks15
)
(/usr/share/texlive/texmf-dist/tex/latex/base/fontenc.sty
Package: fontenc 2018/08/11 v2.0j Standard LaTeX package

(/usr/share/texlive/texmf-dist/tex/latex/base/t1enc.def
File: t1enc.def 2018/08/11 v2.0j Standard LaTeX file
LaTeX Font Info:    Redeclaring font encoding T1 on input line 48.
))
(/usr/share/texlive/texmf-dist/tex/generic/babel/babel.sty
Package: babel 2018/11/13 3.27 The Babel package

(/usr/share/texlive/texmf-dist/tex/generic/babel/switch.def
File: switch.def 2018/11/13 3.27 Babel switching mechanism
)
(/usr/share/texlive/texmf-dist/tex/generic/babel-french/francais.ldf
Language: francais 2019/01/30 v3.5d French support from the babel system


Package francais.ldf Warning: Option `francais' for Babel is *deprecated*,
(francais.ldf)                it might be removed sooner or later. Please
(francais.ldf)                use `french' instead; reported on input line 31.

(/usr/share/texlive/texmf-dist/tex/generic/babel-french/french.ldf
Language: french 2019/01/30 v3.5d French support from the babel system

(/usr/share/texlive/texmf-dist/tex/generic/babel/babel.def
File: babel.def 2018/11/13 3.27 Babel common definitions
\babel@savecnt=\count89
\U@D=\dimen103

(/usr/share/texlive/texmf-dist/tex/generic/babel/txtbabel.def)
\bbl@dirlevel=\count90
)
\l@acadian = a dialect from \language\l@french 
\FB@nonchar=\count91
Package babel Info: Making : an active character on input line 414.
Package babel Info: Making ; an active character on input line 415.
Package babel Info: Making ! an active character on input line 416.
Package babel Info: Making ? an active character on input line 417.
\FBguill@level=\count92
\FBold@everypar=\toks16
\FB@Mht=\dimen104
\mc@charclass=\count93
\mc@charfam=\count94
\mc@charslot=\count95
\std@mcc=\count96
\dec@mcc=\count97
\c@FBcaption@count=\count98
\listindentFB=\dimen105
\descindentFB=\dimen106
\labelindentFB=\dimen107
\labelwidthFB=\dimen108
\leftmarginFB=\dimen109
\parindentFFN=\dimen110
\FBfnindent=\dimen111
)))
(/usr/share/texlive/texmf-dist/tex/latex/carlisle/scalefnt.sty)
(/usr/share/texlive/texmf-dist/tex/latex/graphics/keyval.sty
Package: keyval 2014/10/28 v1.15 key=value parser (DPC)
\KV@toks@=\toks17
)
(/usr/share/texlive/texmf-dist/tex/latex/base/latexsym.sty
Package: latexsym 1998/08/17 v2.2e Standard LaTeX package (lasy symbols)
\symlasy=\mathgroup4
LaTeX Font Info:    Overwriting symbol font `lasy' in version `bold'
(Font)                  U/lasy/m/n --> U/lasy/b/n on input line 52.
)
(/usr/share/texlive/texmf-dist/tex/latex/fancyhdr/fancyhdr.sty
Package: fancyhdr 2019/01/31 v3.10 Extensive control of page headers and footer
s
\f@nch@headwidth=\skip44
\f@nch@O@elh=\skip45
\f@nch@O@erh=\skip46
\f@nch@O@olh=\skip47
\f@nch@O@orh=\skip48
\f@nch@O@elf=\skip49
\f@nch@O@erf=\skip50
\f@nch@O@olf=\skip51
\f@nch@O@orf=\skip52
)
(/usr/share/texlive/texmf-dist/tex/latex/base/makeidx.sty
Package: makeidx 2014/09/29 v1.0m Standard LaTeX package
)
(/usr/share/texlive/texmf-dist/tex/latex/graphics/graphics.sty
Package: graphics 2017/06/25 v1.2c Standard LaTeX Graphics (DPC,SPQR)

(/usr/share/texlive/texmf-dist/tex/latex/graphics/trig.sty
Package: trig 2016/01/03 v1.10 sin cos tan (DPC)
)
(/usr/share/texlive/texmf-dist/tex/latex/graphics-cfg/graphics.cfg
File: graphics.cfg 2016/06/04 v1.11 sample graphics configuration
)
Package graphics Info: Driver file: pdftex.def on input line 99.

(/usr/share/texlive/texmf-dist/tex/latex/graphics-def/pdftex.def
File: pdftex.def 2018/01/08 v1.0l Graphics/color driver for pdftex
))
(/usr/share/texlive/texmf-dist/tex/latex/graphics/graphicx.sty
Package: graphicx 2017/06/01 v1.1a Enhanced LaTeX Graphics (DPC,SPQR)
\Gin@req@height=\dimen112
\Gin@req@width=\dimen113
)
(/usr/share/texlive/texmf-dist/tex/latex/tools/longtable.sty
Package: longtable 2014/10/28 v4.11 Multi-page Table package (DPC)+ FMi change
\LTleft=\skip53
\LTright=\skip54
\LTpre=\skip55
\LTpost=\skip56
\LTchunksize=\count99
\LTcapwidth=\dimen114
\LT@head=\box27
\LT@firsthead=\box28
\LT@foot=\box29
\LT@lastfoot=\box30
\LT@cols=\count100
\LT@rows=\count101
\c@LT@tables=\count102
\c@LT@chunks=\count103
\LT@p@ftn=\toks18
)
(/usr/share/texlive/texmf-dist/tex/latex/moreverb/moreverb.sty
Package: moreverb 2008/06/03 v2.3a `more' verbatim facilities

(/usr/share/texlive/texmf-dist/tex/latex/tools/verbatim.sty
Package: verbatim 2014/10/28 v1.5q LaTeX2e package for verbatim enhancements
\every@verbatim=\toks19
\verbatim@line=\toks20
\verbatim@in@stream=\read1
)
\tab@position=\count104
\tab@size=\count105
\listing@line=\count106
)
(/usr/share/texlive/texmf-dist/tex/latex/listings/listings.sty
\lst@mode=\count107
\lst@gtempboxa=\box31
\lst@token=\toks21
\lst@length=\count108
\lst@currlwidth=\dimen115
\lst@column=\count109
\lst@pos=\count110
\lst@lostspace=\dimen116
\lst@width=\dimen117
\lst@newlines=\count111
\lst@lineno=\count112
\lst@maxwidth=\dimen118

(/usr/share/texlive/texmf-dist/tex/latex/listings/lstmisc.sty
File: lstmisc.sty 2018/09/02 1.7 (Carsten Heinz)
\c@lstnumber=\count113
\lst@skipnumbers=\count114
\lst@framebox=\box32
)
(/usr/share/texlive/texmf-dist/tex/latex/listings/listings.cfg
File: listings.cfg 2018/09/02 1.7 listings configuration
))
Package: listings 2018/09/02 1.7 (Carsten Heinz)
 (./rapport.aux)
\openout1 = `rapport.aux'.

LaTeX Font Info:    Checking defaults for OML/cmm/m/it on input line 19.
LaTeX Font Info:    ... okay on input line 19.
LaTeX Font Info:    Checking defaults for T1/cmr/m/n on input line 19.
LaTeX Font Info:    ... okay on input line 19.
LaTeX Font Info:    Checking defaults for OT1/cmr/m/n on input line 19.
LaTeX Font Info:    ... okay on input line 19.
LaTeX Font Info:    Checking defaults for OMS/cmsy/m/n on input line 19.
LaTeX Font Info:    ... okay on input line 19.
LaTeX Font Info:    Checking defaults for OMX/cmex/m/n on input line 19.
LaTeX Font Info:    ... okay on input line 19.
LaTeX Font Info:    Checking defaults for U/cmr/m/n on input line 19.
LaTeX Font Info:    ... okay on input line 19.
LaTeX Info: Redefining \degres on input line 19.
LaTeX Info: Redefining \dots on input line 19.
LaTeX Info: Redefining \up on input line 19.
 (/usr/share/texlive/texmf-dist/tex/context/base/mkii/supp-pdf.mkii
[Loading MPS to PDF converter (version 2006.09.02).]
\scratchcounter=\count115
\scratchdimen=\dimen119
\scratchbox=\box33
\nofMPsegments=\count116
\nofMParguments=\count117
\everyMPshowfont=\toks22
\MPscratchCnt=\count118
\MPscratchDim=\dimen120
\MPnumerator=\count119
\makeMPintoPDFobject=\count120
\everyMPtoPDFconversion=\toks23
) (/usr/share/texlive/texmf-dist/tex/latex/oberdiek/epstopdf-base.sty
Package: epstopdf-base 2016/05/15 v2.6 Base part for package epstopdf

(/usr/share/texlive/texmf-dist/tex/generic/oberdiek/infwarerr.sty
Package: infwarerr 2016/05/16 v1.4 Providing info/warning/error messages (HO)
)
(/usr/share/texlive/texmf-dist/tex/latex/oberdiek/grfext.sty
Package: grfext 2016/05/16 v1.2 Manage graphics extensions (HO)

(/usr/share/texlive/texmf-dist/tex/generic/oberdiek/kvdefinekeys.sty
Package: kvdefinekeys 2016/05/16 v1.4 Define keys (HO)

(/usr/share/texlive/texmf-dist/tex/generic/oberdiek/ltxcmds.sty
Package: ltxcmds 2016/05/16 v1.23 LaTeX kernel commands for general use (HO)
)))
(/usr/share/texlive/texmf-dist/tex/latex/oberdiek/kvoptions.sty
Package: kvoptions 2016/05/16 v3.12 Key value format for package options (HO)

(/usr/share/texlive/texmf-dist/tex/generic/oberdiek/kvsetkeys.sty
Package: kvsetkeys 2016/05/16 v1.17 Key value parser (HO)

(/usr/share/texlive/texmf-dist/tex/generic/oberdiek/etexcmds.sty
Package: etexcmds 2016/05/16 v1.6 Avoid name clashes with e-TeX commands (HO)

(/usr/share/texlive/texmf-dist/tex/generic/oberdiek/ifluatex.sty
Package: ifluatex 2016/05/16 v1.4 Provides the ifluatex switch (HO)
Package ifluatex Info: LuaTeX not detected.
))))
(/usr/share/texlive/texmf-dist/tex/generic/oberdiek/pdftexcmds.sty
Package: pdftexcmds 2018/09/10 v0.29 Utility functions of pdfTeX for LuaTeX (HO
)

(/usr/share/texlive/texmf-dist/tex/generic/oberdiek/ifpdf.sty
Package: ifpdf 2018/09/07 v3.3 Provides the ifpdf switch
)
Package pdftexcmds Info: LuaTeX not detected.
Package pdftexcmds Info: \pdf@primitive is available.
Package pdftexcmds Info: \pdf@ifprimitive is available.
Package pdftexcmds Info: \pdfdraftmode found.
)
Package epstopdf-base Info: Redefining graphics rule for `.eps' on input line 4
38.
Package grfext Info: Graphics extension search list:
(grfext)             [.pdf,.png,.jpg,.mps,.jpeg,.jbig2,.jb2,.PDF,.PNG,.JPG,.JPE
G,.JBIG2,.JB2,.eps]
(grfext)             \AppendGraphicsExtensions on input line 456.

(/usr/share/texlive/texmf-dist/tex/latex/latexconfig/epstopdf-sys.cfg
File: epstopdf-sys.cfg 2010/07/13 v1.3 Configuration of (r)epstopdf for TeX Liv
e
))
\c@lstlisting=\count121
LaTeX Font Info:    External font `cmex10' loaded for size
(Font)              <12> on input line 29.
LaTeX Font Info:    External font `cmex10' loaded for size
(Font)              <8> on input line 29.
LaTeX Font Info:    External font `cmex10' loaded for size
(Font)              <6> on input line 29.
LaTeX Font Info:    Try loading font information for U+lasy on input line 29.

(/usr/share/texlive/texmf-dist/tex/latex/base/ulasy.fd
File: ulasy.fd 1998/08/17 v2.2e LaTeX symbol font definitions
) [1


{/var/lib/texmf/fonts/map/pdftex/updmap/pdftex.map}] [2

]
Chapitre 1.
(./tank.tex
LaTeX Font Info:    Try loading font information for T1+cmtt on input line 16.
 (/usr/share/texlive/texmf-dist/tex/latex/base/t1cmtt.fd
File: t1cmtt.fd 2014/09/29 v2.5h Standard LaTeX font definitions
)
LaTeX Font Info:    External font `cmex10' loaded for size
(Font)              <7> on input line 19.
LaTeX Font Info:    External font `cmex10' loaded for size
(Font)              <5> on input line 19.
 [3])
[4]
Chapitre 2.
(./LaTeX/System0FCtrl.tex (./Res/System0FCtrl.res
LaTeX Font Info:    Try loading font information for OMS+cmr on input line 1.

(/usr/share/texlive/texmf-dist/tex/latex/base/omscmr.fd
File: omscmr.fd 2014/09/29 v2.5h Standard LaTeX font definitions
)
LaTeX Font Info:    Font shape `OMS/cmr/m/n' in size <9> not available
(Font)              Font shape `OMS/cmsy/m/n' tried instead on input line 1.
)
(./Res/System0FCtrl0F1I.res [5

]) (./Res/System0FCtrl0F2I.res))
(./LaTeX/System1FCtrl.tex (./Res/System1FCtrl.res [6])
(./Res/System1FCtrl1F1I.res) (./Res/System1FCtrl1F2I.res)
(./Res/System1FCtrl1F3I.res [7])) (./LaTeX/System2FCtrl.tex
(./Res/System2FCtrl.res) (./Res/System2FCtrl2F1I.res)
(./Res/System2FCtrl2F2I.res [8]) (./Res/System2FCtrl2F3I.res)
(./Res/System2FCtrl2F4I.res)) (./LaTeX/System3FCtrl.tex [9]
(./Res/System3FCtrl.res) (./Res/System3FCtrl3F1I.res)
(./Res/System3FCtrl3F2I.res) (./Res/System3FCtrl3F3I.res [10]))
<Graphs/Valve-modes.pdf, id=52, 780.9175pt x 401.5pt>
File: Graphs/Valve-modes.pdf Graphic file (type pdf)
<use Graphs/Valve-modes.pdf>
Package pdftex.def Info: Graphs/Valve-modes.pdf  used on input line 101.
(pdftex.def)             Requested size: 226.4841pt x 135.04398pt.
<Graphs/ValveVirtual-modes.pdf, id=53, 330.23375pt x 344.28625pt>
File: Graphs/ValveVirtual-modes.pdf Graphic file (type pdf)
<use Graphs/ValveVirtual-modes.pdf>
Package pdftex.def Info: Graphs/ValveVirtual-modes.pdf  used on input line 102.

(pdftex.def)             Requested size: 226.49092pt x 135.03809pt.

Overfull \hbox (17.06218pt too wide) in paragraph at lines 101--107
[][] []
 []

(./LaTeX/System0FCtrlVV.tex [11 <./Graphs/Valve-modes.pdf> <./Graphs/ValveVirtu
al-modes.pdf

pdfTeX warning: pdflatex (file ./Graphs/ValveVirtual-modes.pdf): PDF inclusion:
 multiple pdfs with page group included in a single page
>] (./Res/System0FCtrlVV.res) (./Res/System0FCtrlVV0F1I.res)
(./Res/System0FCtrlVV0F2I.res [12])) (./LaTeX/System1FCtrlVV.tex
(./Res/System1FCtrlVV.res) (./Res/System1FCtrlVV1F1I.res)
(./Res/System1FCtrlVV1F2I.res [13]) (./Res/System1FCtrlVV1F3I.res)
(./Res/System1FCtrlVV1F4I.res)) (./LaTeX/System2FCtrlVV.tex
(./Res/System2FCtrlVV.res [14]) (./Res/System2FCtrlVV2F1I.res)
(./Res/System2FCtrlVV2F2I.res) (./Res/System2FCtrlVV2F3I.res [15]))
(./LaTeX/System3FCtrlVV.tex (./Res/System3FCtrlVV.res)
(./Res/System3FCtrlVV3F1I.res [16]) (./Res/System3FCtrlVV3F2I.res)
(./Res/System3FCtrlVV3F3I.res))
Underfull \vbox (badness 2671) has occurred while \output is active []

 [17]
(./ControleursOpt/Optimisation.alt) (./LaTeX/System0FCtrlVV_opt.tex
LaTeX Font Info:    External font `cmex10' loaded for size
(Font)              <9> on input line 1.

(./Res/System0FCtrlVV0F2I_Opt.res)) (./LaTeX/System1FCtrlVV_opt.tex
(./Res/System1FCtrlVV1F4I_Opt.res)) (./LaTeX/System2FCtrlVV_opt.tex
(./Res/System2FCtrlVV2F3I_Opt.res)) [18] (./LaTeX/System3FCtrlVV_opt.tex
(./Res/System3FCtrlVV3F3I_Opt.res))
Overfull \hbox (56.82025pt too wide) in paragraph at lines 197--198
[]\T1/cmr/m/n/9 Quand vos ré-sul-tats sont sa-tis-fai-sants, no-tez les, puis c
o-piez votre fi-chier dans \T1/cmtt/m/n/9 ControleursOpt/Optimisation-2.alt\T1/
cmr/m/n/9 . 
 []

[19]
Underfull \hbox (badness 10000) in paragraph at lines 211--212

 []

(./ControleursOpt/Optimisation-2.alt)
Underfull \hbox (badness 10000) in paragraph at lines 215--216

 []

(./Spec/System-2.spe
Overfull \hbox (362.68965pt too wide) in paragraph at lines 24--25
[][][][][][][][][][][][][][][][][][][][][][][][][][][][][][][][][][][][][][][][
][][][][][][][][][][][][][][][][][][] 
 []

[20]
Overfull \hbox (146.29071pt too wide) in paragraph at lines 39--40
[][][][][][][][][][][][][][][][][][][][][][][][][][][][][][][][][][][][][][][][
][][][][][][][][] 
 []

) [21] (./rapport.aux) ) 
Here is how much of TeX's memory you used:
 5143 strings out of 492615
 72153 string characters out of 6131391
 180377 words of memory out of 5000000
 8803 multiletter control sequences out of 15000+600000
 19794 words of font info for 51 fonts, out of 8000000 for 9000
 1141 hyphenation exceptions out of 8191
 41i,9n,43p,702b,1555s stack positions out of 5000i,500n,10000p,200000b,80000s
{/usr/share/texmf/fonts/enc/dvips/cm-super/cm-super-t1.
enc}</usr/share/texlive/texmf-dist/fonts/type1/public/amsfonts/cm/cmmi10.pfb></
usr/share/texlive/texmf-dist/fonts/type1/public/amsfonts/cm/cmr10.pfb></usr/sha
re/texlive/texmf-dist/fonts/type1/public/amsfonts/cm/cmsy9.pfb></usr/share/texm
f/fonts/type1/public/cm-super/sfbx1000.pfb></usr/share/texmf/fonts/type1/public
/cm-super/sfbx1200.pfb></usr/share/texmf/fonts/type1/public/cm-super/sfbx1440.p
fb></usr/share/texmf/fonts/type1/public/cm-super/sfbx2074.pfb></usr/share/texmf
/fonts/type1/public/cm-super/sfbx2488.pfb></usr/share/texmf/fonts/type1/public/
cm-super/sfcc1000.pfb></usr/share/texmf/fonts/type1/public/cm-super/sfcc1728.pf
b></usr/share/texmf/fonts/type1/public/cm-super/sfrm0900.pfb></usr/share/texmf/
fonts/type1/public/cm-super/sfrm1000.pfb></usr/share/texmf/fonts/type1/public/c
m-super/sfrm1200.pfb></usr/share/texmf/fonts/type1/public/cm-super/sfrm1728.pfb
></usr/share/texmf/fonts/type1/public/cm-super/sfti1000.pfb></usr/share/texmf/f
onts/type1/public/cm-super/sftt0900.pfb></usr/share/texmf/fonts/type1/public/cm
-super/sftt1000.pfb></usr/share/texmf/fonts/type1/public/cm-super/sftt1200.pfb>
</usr/share/texmf/fonts/type1/public/cm-super/sftt1440.pfb></usr/share/texlive/
texmf-dist/fonts/type1/urw/times/utmr8a.pfb>
Output written on rapport.pdf (21 pages, 395953 bytes).
PDF statistics:
 166 PDF objects out of 1000 (max. 8388607)
 117 compressed objects within 2 object streams
 0 named destinations out of 1000 (max. 500000)
 11 words of extra memory for PDF output out of 10000 (max. 10000000)

